D:\C\FILEDEMO\FILEDEMO\DEBUG\FILEDEMO.PCH
D:\C\FILEDEMO\FILEDEMO\DEBUG\STDAFX.OBJ
D:\C\FILEDEMO\FILEDEMO\DEBUG\VC110.PDB
D:\C\FILEDEMO\FILEDEMO\DEBUG\FILE.OBJ
D:\C\FILEDEMO\FILEDEMO\DEBUG\FILEDEMO.OBJ
D:\C\FILEDEMO\DEBUG\FILEDEMO.ILK
D:\C\FILEDEMO\DEBUG\FILEDEMO.EXE
D:\C\FILEDEMO\DEBUG\FILEDEMO.PDB
D:\C\FileDemo\FileDemo\Debug\File.obj
D:\C\FileDemo\FileDemo\Debug\FileDemo.obj
D:\C\FileDemo\FileDemo\Debug\stdafx.obj
D:\C\FileDemo\FileDemo\Debug\cl.command.1.tlog
D:\C\FileDemo\FileDemo\Debug\CL.read.1.tlog
D:\C\FileDemo\FileDemo\Debug\CL.write.1.tlog
D:\C\FileDemo\FileDemo\Debug\link-cvtres.read.1.tlog
D:\C\FileDemo\FileDemo\Debug\link-cvtres.write.1.tlog
D:\C\FileDemo\FileDemo\Debug\link-rc.read.1.tlog
D:\C\FileDemo\FileDemo\Debug\link-rc.write.1.tlog
D:\C\FileDemo\FileDemo\Debug\link.command.1.tlog
D:\C\FileDemo\FileDemo\Debug\link.read.1.tlog
D:\C\FileDemo\FileDemo\Debug\link.write.1.tlog
D:\C\FileDemo\FileDemo\Debug\FileDemo.pch
D:\C\FileDemo\FileDemo\Debug\vc110.idb
D:\C\FileDemo\FileDemo\Debug\vc110.pdb
D:\C\FileDemo\Debug\FileDemo.pdb
D:\C\FileDemo\Debug\FileDemo.exe
D:\C\FileDemo\Debug\FileDemo.ilk
